<?xml version="1.0" encoding="utf-8"?><testsuites><testsuite name="pytest" errors="0" failures="0" skipped="0" tests="17" time="1.426" timestamp="2023-11-15T10:16:46.824890" hostname="7193d181c76a"><testcase classname="tests.unit.module_utils.test_haiinv_api" name="test__safe_get2" file="tests/unit/module_utils/test_haiinv_api.py" line="741" time="0.004" /><testcase classname="tests.unit.module_utils.test_haiinv_api" name="test__has_error_false" file="tests/unit/module_utils/test_haiinv_api.py" line="694" time="0.004" /><testcase classname="tests.unit.module_utils.test_haiinv_api" name="test_init" file="tests/unit/module_utils/test_haiinv_api.py" line="442" time="0.004" /><testcase classname="tests.unit.module_utils.test_haiinv_api" name="test__request_exception" file="tests/unit/module_utils/test_haiinv_api.py" line="650" time="0.004" /><testcase classname="tests.unit.module_utils.test_haiinv_api" name="test_get_servers" file="tests/unit/module_utils/test_haiinv_api.py" line="460" time="0.004" /><testcase classname="tests.unit.module_utils.test_haiinv_api" name="test__safe_get" file="tests/unit/module_utils/test_haiinv_api.py" line="706" time="0.004" /><testcase classname="tests.unit.module_utils.test_haiinv_api" name="test__request_exception2" file="tests/unit/module_utils/test_haiinv_api.py" line="672" time="0.004" /><testcase classname="tests.unit.modules.test_get_servers" name="test_module_args_validation_enviroment" file="tests/unit/modules/test_get_servers.py" line="68" time="0.008" /><testcase classname="tests.unit.modules.test_get_servers" name="test_exception_execution" file="tests/unit/modules/test_get_servers.py" line="138" time="0.011" /><testcase classname="tests.unit.module_utils.test_haiinv_api" name="test_get_servers_empty" file="tests/unit/module_utils/test_haiinv_api.py" line="497" time="0.004" /><testcase classname="tests.unit.modules.test_get_servers" name="test_correct_execution_empty" file="tests/unit/modules/test_get_servers.py" line="127" time="0.010" /><testcase classname="tests.unit.modules.test_get_servers" name="test_correct_execution_with_data" file="tests/unit/modules/test_get_servers.py" line="87" time="0.011" /><testcase classname="tests.unit.module_utils.test_haiinv_api" name="test__request_success" file="tests/unit/module_utils/test_haiinv_api.py" line="607" time="0.003" /><testcase classname="tests.unit.modules.test_get_servers" name="test_error_execution" file="tests/unit/modules/test_get_servers.py" line="150" time="0.016" /><testcase classname="tests.unit.module_utils.test_haiinv_api" name="test__request_error" file="tests/unit/module_utils/test_haiinv_api.py" line="628" time="0.006" /><testcase classname="tests.unit.module_utils.test_haiinv_api" name="test_get_inventory_with_date" file="tests/unit/module_utils/test_haiinv_api.py" line="511" time="0.005" /><testcase classname="tests.unit.modules.test_get_servers" name="test_correct_execution_with_error" file="tests/unit/modules/test_get_servers.py" line="159" time="0.004" /></testsuite></testsuites>